{"C:\\Users\\Mhadi\\Dev\\nodeprojects\\vidly-project\\app.js": {"path":"C:\\Users\\Mhadi\\Dev\\nodeprojects\\vidly-project\\app.js","statementMap":{"0":{"start":{"line":2,"column":16},"end":{"line":2,"column":34}},"1":{"start":{"line":4,"column":12},"end":{"line":4,"column":21}},"2":{"start":{"line":5,"column":16},"end":{"line":5,"column":34}},"3":{"start":{"line":7,"column":0},"end":{"line":7,"column":33}},"4":{"start":{"line":8,"column":19},"end":{"line":8,"column":47}},"5":{"start":{"line":9,"column":0},"end":{"line":9,"column":33}},"6":{"start":{"line":10,"column":0},"end":{"line":10,"column":26}},"7":{"start":{"line":11,"column":0},"end":{"line":11,"column":34}},"8":{"start":{"line":14,"column":13},"end":{"line":14,"column":37}},"9":{"start":{"line":15,"column":15},"end":{"line":15,"column":82}},"10":{"start":{"line":15,"column":38},"end":{"line":15,"column":81}},"11":{"start":{"line":16,"column":0},"end":{"line":16,"column":24}}},"fnMap":{"0":{"name":"(anonymous_0)","decl":{"start":{"line":15,"column":32},"end":{"line":15,"column":33}},"loc":{"start":{"line":15,"column":38},"end":{"line":15,"column":81}},"line":15}},"branchMap":{"0":{"loc":{"start":{"line":14,"column":13},"end":{"line":14,"column":37}},"type":"binary-expr","locations":[{"start":{"line":14,"column":13},"end":{"line":14,"column":29}},{"start":{"line":14,"column":33},"end":{"line":14,"column":37}}],"line":14}},"s":{"0":1,"1":1,"2":1,"3":1,"4":1,"5":1,"6":1,"7":1,"8":1,"9":1,"10":1,"11":1},"f":{"0":1},"b":{"0":[1,0]},"_coverageSchema":"1a1c01bbd47fc00a2c39e90264f33305004495a9","hash":"c7548446375d8e1fa8943032ea281998a843de8a"}
,"C:\\Users\\Mhadi\\Dev\\nodeprojects\\vidly-project\\middleware\\admin.js": {"path":"C:\\Users\\Mhadi\\Dev\\nodeprojects\\vidly-project\\middleware\\admin.js","statementMap":{"0":{"start":{"line":1,"column":0},"end":{"line":4,"column":1}},"1":{"start":{"line":2,"column":4},"end":{"line":2,"column":73}},"2":{"start":{"line":2,"column":27},"end":{"line":2,"column":73}},"3":{"start":{"line":3,"column":4},"end":{"line":3,"column":11}}},"fnMap":{"0":{"name":"(anonymous_0)","decl":{"start":{"line":1,"column":17},"end":{"line":1,"column":18}},"loc":{"start":{"line":1,"column":43},"end":{"line":4,"column":1}},"line":1}},"branchMap":{"0":{"loc":{"start":{"line":2,"column":4},"end":{"line":2,"column":73}},"type":"if","locations":[{"start":{"line":2,"column":4},"end":{"line":2,"column":73}},{"start":{"line":2,"column":4},"end":{"line":2,"column":73}}],"line":2}},"s":{"0":1,"1":0,"2":0,"3":0},"f":{"0":0},"b":{"0":[0,0]},"_coverageSchema":"1a1c01bbd47fc00a2c39e90264f33305004495a9","hash":"87a23c377777dc5afe0e48c5b336832ccc855db5"}
,"C:\\Users\\Mhadi\\Dev\\nodeprojects\\vidly-project\\middleware\\auth.js": {"path":"C:\\Users\\Mhadi\\Dev\\nodeprojects\\vidly-project\\middleware\\auth.js","statementMap":{"0":{"start":{"line":1,"column":12},"end":{"line":1,"column":35}},"1":{"start":{"line":3,"column":0},"end":{"line":14,"column":1}},"2":{"start":{"line":4,"column":18},"end":{"line":4,"column":44}},"3":{"start":{"line":5,"column":4},"end":{"line":5,"column":81}},"4":{"start":{"line":5,"column":16},"end":{"line":5,"column":81}},"5":{"start":{"line":7,"column":4},"end":{"line":13,"column":5}},"6":{"start":{"line":8,"column":24},"end":{"line":8,"column":68}},"7":{"start":{"line":9,"column":8},"end":{"line":9,"column":27}},"8":{"start":{"line":10,"column":8},"end":{"line":10,"column":15}},"9":{"start":{"line":12,"column":8},"end":{"line":12,"column":46}}},"fnMap":{"0":{"name":"(anonymous_0)","decl":{"start":{"line":3,"column":17},"end":{"line":3,"column":18}},"loc":{"start":{"line":3,"column":43},"end":{"line":14,"column":1}},"line":3}},"branchMap":{"0":{"loc":{"start":{"line":5,"column":4},"end":{"line":5,"column":81}},"type":"if","locations":[{"start":{"line":5,"column":4},"end":{"line":5,"column":81}},{"start":{"line":5,"column":4},"end":{"line":5,"column":81}}],"line":5}},"s":{"0":1,"1":1,"2":5,"3":5,"4":1,"5":4,"6":4,"7":4,"8":4,"9":0},"f":{"0":5},"b":{"0":[1,4]},"_coverageSchema":"1a1c01bbd47fc00a2c39e90264f33305004495a9","hash":"2171093861510a79adb64bbc94079b47c01ce36d"}
,"C:\\Users\\Mhadi\\Dev\\nodeprojects\\vidly-project\\middleware\\error.js": {"path":"C:\\Users\\Mhadi\\Dev\\nodeprojects\\vidly-project\\middleware\\error.js","statementMap":{"0":{"start":{"line":2,"column":19},"end":{"line":2,"column":48}},"1":{"start":{"line":3,"column":0},"end":{"line":6,"column":2}},"2":{"start":{"line":4,"column":4},"end":{"line":4,"column":35}},"3":{"start":{"line":5,"column":4},"end":{"line":5,"column":45}}},"fnMap":{"0":{"name":"(anonymous_0)","decl":{"start":{"line":3,"column":17},"end":{"line":3,"column":18}},"loc":{"start":{"line":3,"column":48},"end":{"line":6,"column":1}},"line":3}},"branchMap":{},"s":{"0":1,"1":1,"2":0,"3":0},"f":{"0":0},"b":{},"_coverageSchema":"1a1c01bbd47fc00a2c39e90264f33305004495a9","hash":"c34cbcbcb5097f012a48698c52186b565c5b9673"}
,"C:\\Users\\Mhadi\\Dev\\nodeprojects\\vidly-project\\middleware\\validateObjectId.js": {"path":"C:\\Users\\Mhadi\\Dev\\nodeprojects\\vidly-project\\middleware\\validateObjectId.js","statementMap":{"0":{"start":{"line":1,"column":17},"end":{"line":1,"column":36}},"1":{"start":{"line":3,"column":0},"end":{"line":8,"column":1}},"2":{"start":{"line":4,"column":4},"end":{"line":5,"column":50}},"3":{"start":{"line":5,"column":8},"end":{"line":5,"column":50}},"4":{"start":{"line":7,"column":4},"end":{"line":7,"column":11}}},"fnMap":{"0":{"name":"(anonymous_0)","decl":{"start":{"line":3,"column":17},"end":{"line":3,"column":18}},"loc":{"start":{"line":3,"column":43},"end":{"line":8,"column":1}},"line":3}},"branchMap":{"0":{"loc":{"start":{"line":4,"column":4},"end":{"line":5,"column":50}},"type":"if","locations":[{"start":{"line":4,"column":4},"end":{"line":5,"column":50}},{"start":{"line":4,"column":4},"end":{"line":5,"column":50}}],"line":4}},"s":{"0":1,"1":1,"2":2,"3":1,"4":1},"f":{"0":2},"b":{"0":[1,1]},"_coverageSchema":"1a1c01bbd47fc00a2c39e90264f33305004495a9","hash":"aa9c79614d325a431194b9d8fac7bb2105e10add"}
,"C:\\Users\\Mhadi\\Dev\\nodeprojects\\vidly-project\\models\\customer.js": {"path":"C:\\Users\\Mhadi\\Dev\\nodeprojects\\vidly-project\\models\\customer.js","statementMap":{"0":{"start":{"line":1,"column":12},"end":{"line":1,"column":26}},"1":{"start":{"line":2,"column":17},"end":{"line":2,"column":36}},"2":{"start":{"line":3,"column":17},"end":{"line":21,"column":3}},"3":{"start":{"line":25,"column":19},"end":{"line":33,"column":6}},"4":{"start":{"line":35,"column":4},"end":{"line":35,"column":37}},"5":{"start":{"line":38,"column":0},"end":{"line":38,"column":28}},"6":{"start":{"line":39,"column":0},"end":{"line":39,"column":36}}},"fnMap":{"0":{"name":"validateCustomer","decl":{"start":{"line":24,"column":9},"end":{"line":24,"column":25}},"loc":{"start":{"line":24,"column":36},"end":{"line":36,"column":1}},"line":24}},"branchMap":{},"s":{"0":1,"1":1,"2":1,"3":0,"4":0,"5":1,"6":1},"f":{"0":0},"b":{},"_coverageSchema":"1a1c01bbd47fc00a2c39e90264f33305004495a9","hash":"7c4c351ec4e497af6b82c3fc6110945dca7f3360"}
,"C:\\Users\\Mhadi\\Dev\\nodeprojects\\vidly-project\\models\\genres.js": {"path":"C:\\Users\\Mhadi\\Dev\\nodeprojects\\vidly-project\\models\\genres.js","statementMap":{"0":{"start":{"line":1,"column":17},"end":{"line":1,"column":36}},"1":{"start":{"line":2,"column":12},"end":{"line":2,"column":26}},"2":{"start":{"line":3,"column":20},"end":{"line":10,"column":2}},"3":{"start":{"line":12,"column":14},"end":{"line":12,"column":50}},"4":{"start":{"line":15,"column":19},"end":{"line":19,"column":6}},"5":{"start":{"line":21,"column":4},"end":{"line":21,"column":34}},"6":{"start":{"line":24,"column":0},"end":{"line":24,"column":22}},"7":{"start":{"line":25,"column":0},"end":{"line":25,"column":34}},"8":{"start":{"line":26,"column":0},"end":{"line":26,"column":34}}},"fnMap":{"0":{"name":"validateCourse","decl":{"start":{"line":14,"column":9},"end":{"line":14,"column":23}},"loc":{"start":{"line":14,"column":31},"end":{"line":22,"column":1}},"line":14}},"branchMap":{},"s":{"0":1,"1":1,"2":1,"3":1,"4":4,"5":4,"6":1,"7":1,"8":1},"f":{"0":4},"b":{},"_coverageSchema":"1a1c01bbd47fc00a2c39e90264f33305004495a9","hash":"9f2500e620e9029ccee93cb121b5eb9c32a67119"}
,"C:\\Users\\Mhadi\\Dev\\nodeprojects\\vidly-project\\models\\movies.js": {"path":"C:\\Users\\Mhadi\\Dev\\nodeprojects\\vidly-project\\models\\movies.js","statementMap":{"0":{"start":{"line":1,"column":17},"end":{"line":1,"column":36}},"1":{"start":{"line":2,"column":12},"end":{"line":2,"column":26}},"2":{"start":{"line":3,"column":24},"end":{"line":3,"column":43}},"3":{"start":{"line":5,"column":15},"end":{"line":29,"column":3}},"4":{"start":{"line":32,"column":19},"end":{"line":39,"column":6}},"5":{"start":{"line":41,"column":4},"end":{"line":41,"column":34}},"6":{"start":{"line":44,"column":0},"end":{"line":44,"column":34}},"7":{"start":{"line":45,"column":0},"end":{"line":45,"column":24}}},"fnMap":{"0":{"name":"validateMovies","decl":{"start":{"line":31,"column":9},"end":{"line":31,"column":23}},"loc":{"start":{"line":31,"column":31},"end":{"line":42,"column":1}},"line":31}},"branchMap":{},"s":{"0":1,"1":1,"2":1,"3":1,"4":0,"5":0,"6":1,"7":1},"f":{"0":0},"b":{},"_coverageSchema":"1a1c01bbd47fc00a2c39e90264f33305004495a9","hash":"e8eac269c791cd20360746e2a3ee9f3e0f00ab0b"}
,"C:\\Users\\Mhadi\\Dev\\nodeprojects\\vidly-project\\models\\rental.js": {"path":"C:\\Users\\Mhadi\\Dev\\nodeprojects\\vidly-project\\models\\rental.js","statementMap":{"0":{"start":{"line":1,"column":17},"end":{"line":1,"column":36}},"1":{"start":{"line":2,"column":12},"end":{"line":2,"column":26}},"2":{"start":{"line":3,"column":0},"end":{"line":3,"column":44}},"3":{"start":{"line":4,"column":24},"end":{"line":4,"column":43}},"4":{"start":{"line":6,"column":15},"end":{"line":59,"column":3}},"5":{"start":{"line":63,"column":19},"end":{"line":66,"column":6}},"6":{"start":{"line":68,"column":4},"end":{"line":68,"column":34}},"7":{"start":{"line":71,"column":0},"end":{"line":71,"column":34}},"8":{"start":{"line":72,"column":0},"end":{"line":72,"column":24}}},"fnMap":{"0":{"name":"validateRental","decl":{"start":{"line":62,"column":9},"end":{"line":62,"column":23}},"loc":{"start":{"line":62,"column":31},"end":{"line":69,"column":1}},"line":62}},"branchMap":{},"s":{"0":1,"1":1,"2":1,"3":1,"4":1,"5":0,"6":0,"7":1,"8":1},"f":{"0":0},"b":{},"_coverageSchema":"1a1c01bbd47fc00a2c39e90264f33305004495a9","hash":"2868db340f436eb361ef69042c59280ea45682b1"}
,"C:\\Users\\Mhadi\\Dev\\nodeprojects\\vidly-project\\models\\user.js": {"path":"C:\\Users\\Mhadi\\Dev\\nodeprojects\\vidly-project\\models\\user.js","statementMap":{"0":{"start":{"line":1,"column":17},"end":{"line":1,"column":36}},"1":{"start":{"line":2,"column":12},"end":{"line":2,"column":26}},"2":{"start":{"line":4,"column":12},"end":{"line":4,"column":35}},"3":{"start":{"line":6,"column":19},"end":{"line":28,"column":2}},"4":{"start":{"line":30,"column":0},"end":{"line":33,"column":1}},"5":{"start":{"line":31,"column":18},"end":{"line":31,"column":95}},"6":{"start":{"line":32,"column":4},"end":{"line":32,"column":17}},"7":{"start":{"line":34,"column":13},"end":{"line":34,"column":47}},"8":{"start":{"line":37,"column":19},"end":{"line":43,"column":6}},"9":{"start":{"line":45,"column":4},"end":{"line":45,"column":33}},"10":{"start":{"line":48,"column":0},"end":{"line":48,"column":20}},"11":{"start":{"line":49,"column":0},"end":{"line":49,"column":32}}},"fnMap":{"0":{"name":"(anonymous_0)","decl":{"start":{"line":30,"column":39},"end":{"line":30,"column":40}},"loc":{"start":{"line":30,"column":51},"end":{"line":33,"column":1}},"line":30},"1":{"name":"validateUser","decl":{"start":{"line":36,"column":9},"end":{"line":36,"column":21}},"loc":{"start":{"line":36,"column":28},"end":{"line":46,"column":1}},"line":36}},"branchMap":{},"s":{"0":1,"1":1,"2":1,"3":1,"4":1,"5":5,"6":5,"7":1,"8":0,"9":0,"10":1,"11":1},"f":{"0":5,"1":0},"b":{},"_coverageSchema":"1a1c01bbd47fc00a2c39e90264f33305004495a9","hash":"6858ee2df28d5078cdf2392cdb68bb581cd4db23"}
,"C:\\Users\\Mhadi\\Dev\\nodeprojects\\vidly-project\\routes\\auth.js": {"path":"C:\\Users\\Mhadi\\Dev\\nodeprojects\\vidly-project\\routes\\auth.js","statementMap":{"0":{"start":{"line":1,"column":12},"end":{"line":1,"column":26}},"1":{"start":{"line":2,"column":15},"end":{"line":2,"column":32}},"2":{"start":{"line":3,"column":16},"end":{"line":3,"column":34}},"3":{"start":{"line":4,"column":17},"end":{"line":4,"column":42}},"4":{"start":{"line":5,"column":15},"end":{"line":5,"column":31}},"5":{"start":{"line":7,"column":0},"end":{"line":20,"column":3}},"6":{"start":{"line":8,"column":22},"end":{"line":8,"column":40}},"7":{"start":{"line":9,"column":4},"end":{"line":9,"column":58}},"8":{"start":{"line":9,"column":15},"end":{"line":9,"column":58}},"9":{"start":{"line":11,"column":15},"end":{"line":11,"column":60}},"10":{"start":{"line":12,"column":4},"end":{"line":12,"column":72}},"11":{"start":{"line":12,"column":15},"end":{"line":12,"column":72}},"12":{"start":{"line":14,"column":26},"end":{"line":14,"column":80}},"13":{"start":{"line":15,"column":4},"end":{"line":15,"column":81}},"14":{"start":{"line":15,"column":24},"end":{"line":15,"column":81}},"15":{"start":{"line":17,"column":18},"end":{"line":17,"column":42}},"16":{"start":{"line":18,"column":4},"end":{"line":18,"column":50}},"17":{"start":{"line":23,"column":19},"end":{"line":26,"column":6}},"18":{"start":{"line":28,"column":4},"end":{"line":28,"column":32}},"19":{"start":{"line":31,"column":0},"end":{"line":31,"column":24}}},"fnMap":{"0":{"name":"(anonymous_0)","decl":{"start":{"line":7,"column":17},"end":{"line":7,"column":18}},"loc":{"start":{"line":7,"column":37},"end":{"line":20,"column":1}},"line":7},"1":{"name":"validate","decl":{"start":{"line":22,"column":9},"end":{"line":22,"column":17}},"loc":{"start":{"line":22,"column":23},"end":{"line":29,"column":1}},"line":22}},"branchMap":{"0":{"loc":{"start":{"line":9,"column":4},"end":{"line":9,"column":58}},"type":"if","locations":[{"start":{"line":9,"column":4},"end":{"line":9,"column":58}},{"start":{"line":9,"column":4},"end":{"line":9,"column":58}}],"line":9},"1":{"loc":{"start":{"line":12,"column":4},"end":{"line":12,"column":72}},"type":"if","locations":[{"start":{"line":12,"column":4},"end":{"line":12,"column":72}},{"start":{"line":12,"column":4},"end":{"line":12,"column":72}}],"line":12},"2":{"loc":{"start":{"line":15,"column":4},"end":{"line":15,"column":81}},"type":"if","locations":[{"start":{"line":15,"column":4},"end":{"line":15,"column":81}},{"start":{"line":15,"column":4},"end":{"line":15,"column":81}}],"line":15}},"s":{"0":1,"1":1,"2":1,"3":1,"4":1,"5":1,"6":0,"7":0,"8":0,"9":0,"10":0,"11":0,"12":0,"13":0,"14":0,"15":0,"16":0,"17":0,"18":0,"19":1},"f":{"0":0,"1":0},"b":{"0":[0,0],"1":[0,0],"2":[0,0]},"_coverageSchema":"1a1c01bbd47fc00a2c39e90264f33305004495a9","hash":"1bf4d19b6ec4730f2da8106e7fc4c2f7a1c70f3e"}
,"C:\\Users\\Mhadi\\Dev\\nodeprojects\\vidly-project\\routes\\customer.js": {"path":"C:\\Users\\Mhadi\\Dev\\nodeprojects\\vidly-project\\routes\\customer.js","statementMap":{"0":{"start":{"line":1,"column":16},"end":{"line":1,"column":34}},"1":{"start":{"line":2,"column":31},"end":{"line":2,"column":60}},"2":{"start":{"line":3,"column":15},"end":{"line":3,"column":31}},"3":{"start":{"line":4,"column":10},"end":{"line":4,"column":27}},"4":{"start":{"line":7,"column":0},"end":{"line":10,"column":3}},"5":{"start":{"line":8,"column":22},"end":{"line":8,"column":43}},"6":{"start":{"line":9,"column":4},"end":{"line":9,"column":24}},"7":{"start":{"line":13,"column":0},"end":{"line":19,"column":3}},"8":{"start":{"line":14,"column":22},"end":{"line":14,"column":40}},"9":{"start":{"line":15,"column":4},"end":{"line":15,"column":58}},"10":{"start":{"line":15,"column":15},"end":{"line":15,"column":58}},"11":{"start":{"line":16,"column":21},"end":{"line":16,"column":80}},"12":{"start":{"line":17,"column":4},"end":{"line":17,"column":26}},"13":{"start":{"line":18,"column":4},"end":{"line":18,"column":23}},"14":{"start":{"line":21,"column":0},"end":{"line":25,"column":3}},"15":{"start":{"line":22,"column":21},"end":{"line":22,"column":59}},"16":{"start":{"line":23,"column":4},"end":{"line":23,"column":94}},"17":{"start":{"line":23,"column":19},"end":{"line":23,"column":94}},"18":{"start":{"line":24,"column":4},"end":{"line":24,"column":23}},"19":{"start":{"line":28,"column":0},"end":{"line":38,"column":3}},"20":{"start":{"line":29,"column":22},"end":{"line":29,"column":40}},"21":{"start":{"line":30,"column":4},"end":{"line":30,"column":58}},"22":{"start":{"line":30,"column":15},"end":{"line":30,"column":58}},"23":{"start":{"line":32,"column":21},"end":{"line":34,"column":24}},"24":{"start":{"line":35,"column":4},"end":{"line":35,"column":96}},"25":{"start":{"line":35,"column":19},"end":{"line":35,"column":96}},"26":{"start":{"line":37,"column":4},"end":{"line":37,"column":23}},"27":{"start":{"line":41,"column":0},"end":{"line":46,"column":3}},"28":{"start":{"line":42,"column":21},"end":{"line":42,"column":68}},"29":{"start":{"line":43,"column":4},"end":{"line":43,"column":96}},"30":{"start":{"line":43,"column":19},"end":{"line":43,"column":96}},"31":{"start":{"line":45,"column":4},"end":{"line":45,"column":23}},"32":{"start":{"line":51,"column":0},"end":{"line":51,"column":24}}},"fnMap":{"0":{"name":"(anonymous_0)","decl":{"start":{"line":7,"column":16},"end":{"line":7,"column":17}},"loc":{"start":{"line":7,"column":36},"end":{"line":10,"column":1}},"line":7},"1":{"name":"(anonymous_1)","decl":{"start":{"line":13,"column":17},"end":{"line":13,"column":18}},"loc":{"start":{"line":13,"column":37},"end":{"line":19,"column":1}},"line":13},"2":{"name":"(anonymous_2)","decl":{"start":{"line":21,"column":19},"end":{"line":21,"column":20}},"loc":{"start":{"line":21,"column":39},"end":{"line":25,"column":1}},"line":21},"3":{"name":"(anonymous_3)","decl":{"start":{"line":28,"column":19},"end":{"line":28,"column":20}},"loc":{"start":{"line":28,"column":39},"end":{"line":38,"column":1}},"line":28},"4":{"name":"(anonymous_4)","decl":{"start":{"line":41,"column":22},"end":{"line":41,"column":23}},"loc":{"start":{"line":41,"column":42},"end":{"line":46,"column":1}},"line":41}},"branchMap":{"0":{"loc":{"start":{"line":15,"column":4},"end":{"line":15,"column":58}},"type":"if","locations":[{"start":{"line":15,"column":4},"end":{"line":15,"column":58}},{"start":{"line":15,"column":4},"end":{"line":15,"column":58}}],"line":15},"1":{"loc":{"start":{"line":23,"column":4},"end":{"line":23,"column":94}},"type":"if","locations":[{"start":{"line":23,"column":4},"end":{"line":23,"column":94}},{"start":{"line":23,"column":4},"end":{"line":23,"column":94}}],"line":23},"2":{"loc":{"start":{"line":30,"column":4},"end":{"line":30,"column":58}},"type":"if","locations":[{"start":{"line":30,"column":4},"end":{"line":30,"column":58}},{"start":{"line":30,"column":4},"end":{"line":30,"column":58}}],"line":30},"3":{"loc":{"start":{"line":35,"column":4},"end":{"line":35,"column":96}},"type":"if","locations":[{"start":{"line":35,"column":4},"end":{"line":35,"column":96}},{"start":{"line":35,"column":4},"end":{"line":35,"column":96}}],"line":35},"4":{"loc":{"start":{"line":43,"column":4},"end":{"line":43,"column":96}},"type":"if","locations":[{"start":{"line":43,"column":4},"end":{"line":43,"column":96}},{"start":{"line":43,"column":4},"end":{"line":43,"column":96}}],"line":43}},"s":{"0":1,"1":1,"2":1,"3":1,"4":1,"5":0,"6":0,"7":1,"8":0,"9":0,"10":0,"11":0,"12":0,"13":0,"14":1,"15":0,"16":0,"17":0,"18":0,"19":1,"20":0,"21":0,"22":0,"23":0,"24":0,"25":0,"26":0,"27":1,"28":0,"29":0,"30":0,"31":0,"32":1},"f":{"0":0,"1":0,"2":0,"3":0,"4":0},"b":{"0":[0,0],"1":[0,0],"2":[0,0],"3":[0,0],"4":[0,0]},"_coverageSchema":"1a1c01bbd47fc00a2c39e90264f33305004495a9","hash":"2b5a5a209aebf4d0530a383f2d714356c2950773"}
,"C:\\Users\\Mhadi\\Dev\\nodeprojects\\vidly-project\\routes\\genres.js": {"path":"C:\\Users\\Mhadi\\Dev\\nodeprojects\\vidly-project\\routes\\genres.js","statementMap":{"0":{"start":{"line":1,"column":16},"end":{"line":1,"column":34}},"1":{"start":{"line":2,"column":14},"end":{"line":2,"column":44}},"2":{"start":{"line":3,"column":13},"end":{"line":3,"column":42}},"3":{"start":{"line":4,"column":25},"end":{"line":4,"column":66}},"4":{"start":{"line":5,"column":28},"end":{"line":5,"column":55}},"5":{"start":{"line":6,"column":15},"end":{"line":6,"column":31}},"6":{"start":{"line":12,"column":0},"end":{"line":15,"column":3}},"7":{"start":{"line":13,"column":19},"end":{"line":13,"column":50}},"8":{"start":{"line":14,"column":4},"end":{"line":14,"column":21}},"9":{"start":{"line":18,"column":0},"end":{"line":24,"column":3}},"10":{"start":{"line":19,"column":22},"end":{"line":19,"column":40}},"11":{"start":{"line":20,"column":4},"end":{"line":20,"column":58}},"12":{"start":{"line":20,"column":15},"end":{"line":20,"column":58}},"13":{"start":{"line":21,"column":18},"end":{"line":21,"column":52}},"14":{"start":{"line":22,"column":4},"end":{"line":22,"column":23}},"15":{"start":{"line":23,"column":4},"end":{"line":23,"column":20}},"16":{"start":{"line":26,"column":0},"end":{"line":30,"column":2}},"17":{"start":{"line":27,"column":18},"end":{"line":27,"column":53}},"18":{"start":{"line":28,"column":4},"end":{"line":28,"column":91}},"19":{"start":{"line":28,"column":16},"end":{"line":28,"column":91}},"20":{"start":{"line":29,"column":4},"end":{"line":29,"column":20}},"21":{"start":{"line":33,"column":0},"end":{"line":41,"column":3}},"22":{"start":{"line":34,"column":22},"end":{"line":34,"column":40}},"23":{"start":{"line":35,"column":4},"end":{"line":35,"column":58}},"24":{"start":{"line":35,"column":15},"end":{"line":35,"column":58}},"25":{"start":{"line":37,"column":18},"end":{"line":37,"column":102}},"26":{"start":{"line":38,"column":4},"end":{"line":38,"column":91}},"27":{"start":{"line":38,"column":16},"end":{"line":38,"column":91}},"28":{"start":{"line":40,"column":4},"end":{"line":40,"column":20}},"29":{"start":{"line":44,"column":0},"end":{"line":49,"column":3}},"30":{"start":{"line":45,"column":18},"end":{"line":45,"column":62}},"31":{"start":{"line":46,"column":4},"end":{"line":46,"column":91}},"32":{"start":{"line":46,"column":16},"end":{"line":46,"column":91}},"33":{"start":{"line":48,"column":4},"end":{"line":48,"column":20}},"34":{"start":{"line":55,"column":0},"end":{"line":55,"column":24}}},"fnMap":{"0":{"name":"(anonymous_0)","decl":{"start":{"line":12,"column":16},"end":{"line":12,"column":17}},"loc":{"start":{"line":12,"column":36},"end":{"line":15,"column":1}},"line":12},"1":{"name":"(anonymous_1)","decl":{"start":{"line":18,"column":23},"end":{"line":18,"column":24}},"loc":{"start":{"line":18,"column":43},"end":{"line":24,"column":1}},"line":18},"2":{"name":"(anonymous_2)","decl":{"start":{"line":26,"column":37},"end":{"line":26,"column":38}},"loc":{"start":{"line":26,"column":57},"end":{"line":30,"column":1}},"line":26},"3":{"name":"(anonymous_3)","decl":{"start":{"line":33,"column":19},"end":{"line":33,"column":20}},"loc":{"start":{"line":33,"column":39},"end":{"line":41,"column":1}},"line":33},"4":{"name":"(anonymous_4)","decl":{"start":{"line":44,"column":37},"end":{"line":44,"column":38}},"loc":{"start":{"line":44,"column":57},"end":{"line":49,"column":1}},"line":44}},"branchMap":{"0":{"loc":{"start":{"line":20,"column":4},"end":{"line":20,"column":58}},"type":"if","locations":[{"start":{"line":20,"column":4},"end":{"line":20,"column":58}},{"start":{"line":20,"column":4},"end":{"line":20,"column":58}}],"line":20},"1":{"loc":{"start":{"line":28,"column":4},"end":{"line":28,"column":91}},"type":"if","locations":[{"start":{"line":28,"column":4},"end":{"line":28,"column":91}},{"start":{"line":28,"column":4},"end":{"line":28,"column":91}}],"line":28},"2":{"loc":{"start":{"line":35,"column":4},"end":{"line":35,"column":58}},"type":"if","locations":[{"start":{"line":35,"column":4},"end":{"line":35,"column":58}},{"start":{"line":35,"column":4},"end":{"line":35,"column":58}}],"line":35},"3":{"loc":{"start":{"line":38,"column":4},"end":{"line":38,"column":91}},"type":"if","locations":[{"start":{"line":38,"column":4},"end":{"line":38,"column":91}},{"start":{"line":38,"column":4},"end":{"line":38,"column":91}}],"line":38},"4":{"loc":{"start":{"line":46,"column":4},"end":{"line":46,"column":91}},"type":"if","locations":[{"start":{"line":46,"column":4},"end":{"line":46,"column":91}},{"start":{"line":46,"column":4},"end":{"line":46,"column":91}}],"line":46}},"s":{"0":1,"1":1,"2":1,"3":1,"4":1,"5":1,"6":1,"7":1,"8":1,"9":1,"10":4,"11":4,"12":2,"13":2,"14":2,"15":2,"16":1,"17":1,"18":1,"19":0,"20":1,"21":1,"22":0,"23":0,"24":0,"25":0,"26":0,"27":0,"28":0,"29":1,"30":0,"31":0,"32":0,"33":0,"34":1},"f":{"0":1,"1":4,"2":1,"3":0,"4":0},"b":{"0":[2,2],"1":[0,1],"2":[0,0],"3":[0,0],"4":[0,0]},"_coverageSchema":"1a1c01bbd47fc00a2c39e90264f33305004495a9","hash":"560859a37cb20f823d40e159ccfee83343095f70"}
,"C:\\Users\\Mhadi\\Dev\\nodeprojects\\vidly-project\\routes\\movies.js": {"path":"C:\\Users\\Mhadi\\Dev\\nodeprojects\\vidly-project\\routes\\movies.js","statementMap":{"0":{"start":{"line":1,"column":16},"end":{"line":1,"column":34}},"1":{"start":{"line":2,"column":29},"end":{"line":2,"column":56}},"2":{"start":{"line":3,"column":18},"end":{"line":3,"column":45}},"3":{"start":{"line":6,"column":15},"end":{"line":6,"column":31}},"4":{"start":{"line":10,"column":0},"end":{"line":13,"column":3}},"5":{"start":{"line":11,"column":19},"end":{"line":11,"column":51}},"6":{"start":{"line":12,"column":4},"end":{"line":12,"column":21}},"7":{"start":{"line":16,"column":0},"end":{"line":34,"column":3}},"8":{"start":{"line":17,"column":22},"end":{"line":17,"column":40}},"9":{"start":{"line":18,"column":4},"end":{"line":18,"column":58}},"10":{"start":{"line":18,"column":15},"end":{"line":18,"column":58}},"11":{"start":{"line":20,"column":18},"end":{"line":20,"column":56}},"12":{"start":{"line":21,"column":4},"end":{"line":21,"column":61}},"13":{"start":{"line":21,"column":16},"end":{"line":21,"column":61}},"14":{"start":{"line":22,"column":18},"end":{"line":31,"column":6}},"15":{"start":{"line":32,"column":4},"end":{"line":32,"column":23}},"16":{"start":{"line":33,"column":4},"end":{"line":33,"column":20}},"17":{"start":{"line":36,"column":0},"end":{"line":40,"column":2}},"18":{"start":{"line":37,"column":18},"end":{"line":37,"column":54}},"19":{"start":{"line":38,"column":4},"end":{"line":38,"column":90}},"20":{"start":{"line":38,"column":16},"end":{"line":38,"column":90}},"21":{"start":{"line":39,"column":4},"end":{"line":39,"column":20}},"22":{"start":{"line":43,"column":0},"end":{"line":60,"column":3}},"23":{"start":{"line":44,"column":22},"end":{"line":44,"column":40}},"24":{"start":{"line":45,"column":4},"end":{"line":45,"column":58}},"25":{"start":{"line":45,"column":15},"end":{"line":45,"column":58}},"26":{"start":{"line":47,"column":18},"end":{"line":47,"column":56}},"27":{"start":{"line":48,"column":4},"end":{"line":48,"column":61}},"28":{"start":{"line":48,"column":16},"end":{"line":48,"column":61}},"29":{"start":{"line":49,"column":18},"end":{"line":58,"column":21}},"30":{"start":{"line":59,"column":4},"end":{"line":59,"column":20}},"31":{"start":{"line":64,"column":0},"end":{"line":69,"column":3}},"32":{"start":{"line":65,"column":18},"end":{"line":65,"column":63}},"33":{"start":{"line":66,"column":4},"end":{"line":66,"column":90}},"34":{"start":{"line":66,"column":16},"end":{"line":66,"column":90}},"35":{"start":{"line":68,"column":4},"end":{"line":68,"column":20}},"36":{"start":{"line":71,"column":0},"end":{"line":71,"column":24}}},"fnMap":{"0":{"name":"(anonymous_0)","decl":{"start":{"line":10,"column":16},"end":{"line":10,"column":17}},"loc":{"start":{"line":10,"column":36},"end":{"line":13,"column":1}},"line":10},"1":{"name":"(anonymous_1)","decl":{"start":{"line":16,"column":17},"end":{"line":16,"column":18}},"loc":{"start":{"line":16,"column":37},"end":{"line":34,"column":1}},"line":16},"2":{"name":"(anonymous_2)","decl":{"start":{"line":36,"column":19},"end":{"line":36,"column":20}},"loc":{"start":{"line":36,"column":39},"end":{"line":40,"column":1}},"line":36},"3":{"name":"(anonymous_3)","decl":{"start":{"line":43,"column":19},"end":{"line":43,"column":20}},"loc":{"start":{"line":43,"column":39},"end":{"line":60,"column":1}},"line":43},"4":{"name":"(anonymous_4)","decl":{"start":{"line":64,"column":22},"end":{"line":64,"column":23}},"loc":{"start":{"line":64,"column":42},"end":{"line":69,"column":1}},"line":64}},"branchMap":{"0":{"loc":{"start":{"line":18,"column":4},"end":{"line":18,"column":58}},"type":"if","locations":[{"start":{"line":18,"column":4},"end":{"line":18,"column":58}},{"start":{"line":18,"column":4},"end":{"line":18,"column":58}}],"line":18},"1":{"loc":{"start":{"line":21,"column":4},"end":{"line":21,"column":61}},"type":"if","locations":[{"start":{"line":21,"column":4},"end":{"line":21,"column":61}},{"start":{"line":21,"column":4},"end":{"line":21,"column":61}}],"line":21},"2":{"loc":{"start":{"line":38,"column":4},"end":{"line":38,"column":90}},"type":"if","locations":[{"start":{"line":38,"column":4},"end":{"line":38,"column":90}},{"start":{"line":38,"column":4},"end":{"line":38,"column":90}}],"line":38},"3":{"loc":{"start":{"line":45,"column":4},"end":{"line":45,"column":58}},"type":"if","locations":[{"start":{"line":45,"column":4},"end":{"line":45,"column":58}},{"start":{"line":45,"column":4},"end":{"line":45,"column":58}}],"line":45},"4":{"loc":{"start":{"line":48,"column":4},"end":{"line":48,"column":61}},"type":"if","locations":[{"start":{"line":48,"column":4},"end":{"line":48,"column":61}},{"start":{"line":48,"column":4},"end":{"line":48,"column":61}}],"line":48},"5":{"loc":{"start":{"line":66,"column":4},"end":{"line":66,"column":90}},"type":"if","locations":[{"start":{"line":66,"column":4},"end":{"line":66,"column":90}},{"start":{"line":66,"column":4},"end":{"line":66,"column":90}}],"line":66}},"s":{"0":1,"1":1,"2":1,"3":1,"4":1,"5":0,"6":0,"7":1,"8":0,"9":0,"10":0,"11":0,"12":0,"13":0,"14":0,"15":0,"16":0,"17":1,"18":0,"19":0,"20":0,"21":0,"22":1,"23":0,"24":0,"25":0,"26":0,"27":0,"28":0,"29":0,"30":0,"31":1,"32":0,"33":0,"34":0,"35":0,"36":1},"f":{"0":0,"1":0,"2":0,"3":0,"4":0},"b":{"0":[0,0],"1":[0,0],"2":[0,0],"3":[0,0],"4":[0,0],"5":[0,0]},"_coverageSchema":"1a1c01bbd47fc00a2c39e90264f33305004495a9","hash":"e353c61adf7f8bd29f07c21a5672e2823ab1803b"}
,"C:\\Users\\Mhadi\\Dev\\nodeprojects\\vidly-project\\routes\\rental.js": {"path":"C:\\Users\\Mhadi\\Dev\\nodeprojects\\vidly-project\\routes\\rental.js","statementMap":{"0":{"start":{"line":1,"column":29},"end":{"line":1,"column":56}},"1":{"start":{"line":2,"column":19},"end":{"line":2,"column":46}},"2":{"start":{"line":3,"column":21},"end":{"line":3,"column":50}},"3":{"start":{"line":4,"column":10},"end":{"line":4,"column":27}},"4":{"start":{"line":5,"column":13},"end":{"line":5,"column":28}},"5":{"start":{"line":6,"column":16},"end":{"line":6,"column":34}},"6":{"start":{"line":7,"column":15},"end":{"line":7,"column":31}},"7":{"start":{"line":8,"column":17},"end":{"line":8,"column":36}},"8":{"start":{"line":9,"column":0},"end":{"line":9,"column":20}},"9":{"start":{"line":11,"column":0},"end":{"line":14,"column":3}},"10":{"start":{"line":12,"column":20},"end":{"line":12,"column":56}},"11":{"start":{"line":13,"column":4},"end":{"line":13,"column":22}},"12":{"start":{"line":17,"column":0},"end":{"line":42,"column":3}},"13":{"start":{"line":18,"column":22},"end":{"line":18,"column":40}},"14":{"start":{"line":19,"column":4},"end":{"line":19,"column":58}},"15":{"start":{"line":19,"column":15},"end":{"line":19,"column":58}},"16":{"start":{"line":21,"column":21},"end":{"line":21,"column":65}},"17":{"start":{"line":22,"column":4},"end":{"line":22,"column":67}},"18":{"start":{"line":22,"column":19},"end":{"line":22,"column":67}},"19":{"start":{"line":23,"column":18},"end":{"line":23,"column":57}},"20":{"start":{"line":24,"column":4},"end":{"line":24,"column":61}},"21":{"start":{"line":24,"column":16},"end":{"line":24,"column":61}},"22":{"start":{"line":26,"column":4},"end":{"line":26,"column":83}},"23":{"start":{"line":26,"column":34},"end":{"line":26,"column":83}},"24":{"start":{"line":28,"column":17},"end":{"line":31,"column":6}},"25":{"start":{"line":32,"column":4},"end":{"line":41,"column":5}},"26":{"start":{"line":33,"column":8},"end":{"line":36,"column":19}},"27":{"start":{"line":38,"column":8},"end":{"line":38,"column":25}},"28":{"start":{"line":40,"column":8},"end":{"line":40,"column":48}},"29":{"start":{"line":45,"column":0},"end":{"line":45,"column":24}}},"fnMap":{"0":{"name":"(anonymous_0)","decl":{"start":{"line":11,"column":16},"end":{"line":11,"column":17}},"loc":{"start":{"line":11,"column":36},"end":{"line":14,"column":1}},"line":11},"1":{"name":"(anonymous_1)","decl":{"start":{"line":17,"column":17},"end":{"line":17,"column":18}},"loc":{"start":{"line":17,"column":37},"end":{"line":42,"column":1}},"line":17}},"branchMap":{"0":{"loc":{"start":{"line":19,"column":4},"end":{"line":19,"column":58}},"type":"if","locations":[{"start":{"line":19,"column":4},"end":{"line":19,"column":58}},{"start":{"line":19,"column":4},"end":{"line":19,"column":58}}],"line":19},"1":{"loc":{"start":{"line":22,"column":4},"end":{"line":22,"column":67}},"type":"if","locations":[{"start":{"line":22,"column":4},"end":{"line":22,"column":67}},{"start":{"line":22,"column":4},"end":{"line":22,"column":67}}],"line":22},"2":{"loc":{"start":{"line":24,"column":4},"end":{"line":24,"column":61}},"type":"if","locations":[{"start":{"line":24,"column":4},"end":{"line":24,"column":61}},{"start":{"line":24,"column":4},"end":{"line":24,"column":61}}],"line":24},"3":{"loc":{"start":{"line":26,"column":4},"end":{"line":26,"column":83}},"type":"if","locations":[{"start":{"line":26,"column":4},"end":{"line":26,"column":83}},{"start":{"line":26,"column":4},"end":{"line":26,"column":83}}],"line":26}},"s":{"0":1,"1":1,"2":1,"3":1,"4":1,"5":1,"6":1,"7":1,"8":1,"9":1,"10":0,"11":0,"12":1,"13":0,"14":0,"15":0,"16":0,"17":0,"18":0,"19":0,"20":0,"21":0,"22":0,"23":0,"24":0,"25":0,"26":0,"27":0,"28":0,"29":1},"f":{"0":0,"1":0},"b":{"0":[0,0],"1":[0,0],"2":[0,0],"3":[0,0]},"_coverageSchema":"1a1c01bbd47fc00a2c39e90264f33305004495a9","hash":"cca150f0f7eba71ecf8c43c8c5b26412f52e22e0"}
,"C:\\Users\\Mhadi\\Dev\\nodeprojects\\vidly-project\\routes\\user.js": {"path":"C:\\Users\\Mhadi\\Dev\\nodeprojects\\vidly-project\\routes\\user.js","statementMap":{"0":{"start":{"line":1,"column":10},"end":{"line":1,"column":27}},"1":{"start":{"line":2,"column":13},"end":{"line":2,"column":42}},"2":{"start":{"line":3,"column":15},"end":{"line":3,"column":32}},"3":{"start":{"line":4,"column":16},"end":{"line":4,"column":34}},"4":{"start":{"line":5,"column":27},"end":{"line":5,"column":52}},"5":{"start":{"line":6,"column":15},"end":{"line":6,"column":31}},"6":{"start":{"line":9,"column":0},"end":{"line":12,"column":3}},"7":{"start":{"line":10,"column":17},"end":{"line":10,"column":70}},"8":{"start":{"line":11,"column":4},"end":{"line":11,"column":19}},"9":{"start":{"line":15,"column":0},"end":{"line":28,"column":3}},"10":{"start":{"line":16,"column":22},"end":{"line":16,"column":40}},"11":{"start":{"line":17,"column":4},"end":{"line":17,"column":58}},"12":{"start":{"line":17,"column":15},"end":{"line":17,"column":58}},"13":{"start":{"line":19,"column":15},"end":{"line":19,"column":60}},"14":{"start":{"line":20,"column":4},"end":{"line":20,"column":76}},"15":{"start":{"line":20,"column":14},"end":{"line":20,"column":76}},"16":{"start":{"line":21,"column":4},"end":{"line":21,"column":69}},"17":{"start":{"line":22,"column":17},"end":{"line":22,"column":41}},"18":{"start":{"line":23,"column":4},"end":{"line":23,"column":59}},"19":{"start":{"line":24,"column":4},"end":{"line":24,"column":22}},"20":{"start":{"line":26,"column":18},"end":{"line":26,"column":42}},"21":{"start":{"line":27,"column":4},"end":{"line":27,"column":83}},"22":{"start":{"line":31,"column":0},"end":{"line":31,"column":24}}},"fnMap":{"0":{"name":"(anonymous_0)","decl":{"start":{"line":9,"column":24},"end":{"line":9,"column":25}},"loc":{"start":{"line":9,"column":44},"end":{"line":12,"column":1}},"line":9},"1":{"name":"(anonymous_1)","decl":{"start":{"line":15,"column":17},"end":{"line":15,"column":18}},"loc":{"start":{"line":15,"column":37},"end":{"line":28,"column":1}},"line":15}},"branchMap":{"0":{"loc":{"start":{"line":17,"column":4},"end":{"line":17,"column":58}},"type":"if","locations":[{"start":{"line":17,"column":4},"end":{"line":17,"column":58}},{"start":{"line":17,"column":4},"end":{"line":17,"column":58}}],"line":17},"1":{"loc":{"start":{"line":20,"column":4},"end":{"line":20,"column":76}},"type":"if","locations":[{"start":{"line":20,"column":4},"end":{"line":20,"column":76}},{"start":{"line":20,"column":4},"end":{"line":20,"column":76}}],"line":20}},"s":{"0":1,"1":1,"2":1,"3":1,"4":1,"5":1,"6":1,"7":0,"8":0,"9":1,"10":0,"11":0,"12":0,"13":0,"14":0,"15":0,"16":0,"17":0,"18":0,"19":0,"20":0,"21":0,"22":1},"f":{"0":0,"1":0},"b":{"0":[0,0],"1":[0,0]},"_coverageSchema":"1a1c01bbd47fc00a2c39e90264f33305004495a9","hash":"6885a8142b96ac488724d04496e237143f5c5e4a"}
,"C:\\Users\\Mhadi\\Dev\\nodeprojects\\vidly-project\\startup\\config.js": {"path":"C:\\Users\\Mhadi\\Dev\\nodeprojects\\vidly-project\\startup\\config.js","statementMap":{"0":{"start":{"line":2,"column":15},"end":{"line":2,"column":32}},"1":{"start":{"line":3,"column":19},"end":{"line":3,"column":39}},"2":{"start":{"line":4,"column":0},"end":{"line":4,"column":27}},"3":{"start":{"line":5,"column":0},"end":{"line":20,"column":1}},"4":{"start":{"line":6,"column":4},"end":{"line":8,"column":5}},"5":{"start":{"line":7,"column":8},"end":{"line":7,"column":63}},"6":{"start":{"line":10,"column":4},"end":{"line":13,"column":5}},"7":{"start":{"line":11,"column":8},"end":{"line":11,"column":32}},"8":{"start":{"line":12,"column":8},"end":{"line":12,"column":41}}},"fnMap":{"0":{"name":"(anonymous_0)","decl":{"start":{"line":5,"column":17},"end":{"line":5,"column":18}},"loc":{"start":{"line":5,"column":32},"end":{"line":20,"column":1}},"line":5}},"branchMap":{"0":{"loc":{"start":{"line":6,"column":4},"end":{"line":8,"column":5}},"type":"if","locations":[{"start":{"line":6,"column":4},"end":{"line":8,"column":5}},{"start":{"line":6,"column":4},"end":{"line":8,"column":5}}],"line":6},"1":{"loc":{"start":{"line":10,"column":4},"end":{"line":13,"column":5}},"type":"if","locations":[{"start":{"line":10,"column":4},"end":{"line":13,"column":5}},{"start":{"line":10,"column":4},"end":{"line":13,"column":5}}],"line":10}},"s":{"0":1,"1":1,"2":1,"3":1,"4":1,"5":0,"6":1,"7":0,"8":0},"f":{"0":1},"b":{"0":[0,1],"1":[0,1]},"_coverageSchema":"1a1c01bbd47fc00a2c39e90264f33305004495a9","hash":"9493cc36d50045884e7a16e083f6bf94dab992a1"}
,"C:\\Users\\Mhadi\\Dev\\nodeprojects\\vidly-project\\startup\\db.js": {"path":"C:\\Users\\Mhadi\\Dev\\nodeprojects\\vidly-project\\startup\\db.js","statementMap":{"0":{"start":{"line":1,"column":16},"end":{"line":1,"column":34}},"1":{"start":{"line":2,"column":17},"end":{"line":2,"column":36}},"2":{"start":{"line":3,"column":19},"end":{"line":3,"column":39}},"3":{"start":{"line":5,"column":0},"end":{"line":18,"column":1}},"4":{"start":{"line":6,"column":4},"end":{"line":8,"column":5}},"5":{"start":{"line":7,"column":8},"end":{"line":7,"column":45}},"6":{"start":{"line":8,"column":6},"end":{"line":10,"column":5}},"7":{"start":{"line":9,"column":8},"end":{"line":9,"column":40}},"8":{"start":{"line":11,"column":4},"end":{"line":17,"column":54}},"9":{"start":{"line":17,"column":20},"end":{"line":17,"column":53}}},"fnMap":{"0":{"name":"(anonymous_0)","decl":{"start":{"line":5,"column":17},"end":{"line":5,"column":18}},"loc":{"start":{"line":5,"column":29},"end":{"line":18,"column":1}},"line":5},"1":{"name":"(anonymous_1)","decl":{"start":{"line":17,"column":14},"end":{"line":17,"column":15}},"loc":{"start":{"line":17,"column":20},"end":{"line":17,"column":53}},"line":17}},"branchMap":{"0":{"loc":{"start":{"line":6,"column":4},"end":{"line":8,"column":5}},"type":"if","locations":[{"start":{"line":6,"column":4},"end":{"line":8,"column":5}},{"start":{"line":6,"column":4},"end":{"line":8,"column":5}}],"line":6},"1":{"loc":{"start":{"line":8,"column":6},"end":{"line":10,"column":5}},"type":"if","locations":[{"start":{"line":8,"column":6},"end":{"line":10,"column":5}},{"start":{"line":8,"column":6},"end":{"line":10,"column":5}}],"line":8}},"s":{"0":1,"1":1,"2":1,"3":1,"4":1,"5":1,"6":1,"7":0,"8":1,"9":1},"f":{"0":1,"1":1},"b":{"0":[1,0],"1":[0,1]},"_coverageSchema":"1a1c01bbd47fc00a2c39e90264f33305004495a9","hash":"e1bef3706e9a5d550184685f7f384abcfc8e43db"}
,"C:\\Users\\Mhadi\\Dev\\nodeprojects\\vidly-project\\startup\\logging.js": {"path":"C:\\Users\\Mhadi\\Dev\\nodeprojects\\vidly-project\\startup\\logging.js","statementMap":{"0":{"start":{"line":1,"column":16},"end":{"line":1,"column":34}},"1":{"start":{"line":2,"column":0},"end":{"line":2,"column":27}},"2":{"start":{"line":3,"column":0},"end":{"line":3,"column":32}},"3":{"start":{"line":6,"column":15},"end":{"line":37,"column":2}},"4":{"start":{"line":39,"column":0},"end":{"line":39,"column":31}}},"fnMap":{},"branchMap":{},"s":{"0":1,"1":1,"2":1,"3":1,"4":1},"f":{},"b":{},"_coverageSchema":"1a1c01bbd47fc00a2c39e90264f33305004495a9","hash":"8c95cd0cb011f0eca0f6bc557f4ddd2e94387c16"}
,"C:\\Users\\Mhadi\\Dev\\nodeprojects\\vidly-project\\startup\\router.js": {"path":"C:\\Users\\Mhadi\\Dev\\nodeprojects\\vidly-project\\startup\\router.js","statementMap":{"0":{"start":{"line":1,"column":16},"end":{"line":1,"column":34}},"1":{"start":{"line":2,"column":14},"end":{"line":2,"column":44}},"2":{"start":{"line":3,"column":15},"end":{"line":3,"column":42}},"3":{"start":{"line":4,"column":18},"end":{"line":4,"column":47}},"4":{"start":{"line":5,"column":15},"end":{"line":5,"column":42}},"5":{"start":{"line":6,"column":16},"end":{"line":6,"column":43}},"6":{"start":{"line":7,"column":13},"end":{"line":7,"column":38}},"7":{"start":{"line":8,"column":13},"end":{"line":8,"column":38}},"8":{"start":{"line":10,"column":0},"end":{"line":19,"column":1}},"9":{"start":{"line":11,"column":4},"end":{"line":11,"column":28}},"10":{"start":{"line":12,"column":4},"end":{"line":12,"column":35}},"11":{"start":{"line":13,"column":4},"end":{"line":13,"column":41}},"12":{"start":{"line":14,"column":4},"end":{"line":14,"column":35}},"13":{"start":{"line":15,"column":4},"end":{"line":15,"column":37}},"14":{"start":{"line":16,"column":4},"end":{"line":16,"column":31}},"15":{"start":{"line":17,"column":4},"end":{"line":17,"column":31}},"16":{"start":{"line":18,"column":4},"end":{"line":18,"column":19}}},"fnMap":{"0":{"name":"(anonymous_0)","decl":{"start":{"line":10,"column":17},"end":{"line":10,"column":18}},"loc":{"start":{"line":10,"column":32},"end":{"line":19,"column":1}},"line":10}},"branchMap":{},"s":{"0":1,"1":1,"2":1,"3":1,"4":1,"5":1,"6":1,"7":1,"8":1,"9":1,"10":1,"11":1,"12":1,"13":1,"14":1,"15":1,"16":1},"f":{"0":1},"b":{},"_coverageSchema":"1a1c01bbd47fc00a2c39e90264f33305004495a9","hash":"d4e6b221c5a6fcfd45a944facc094f2416bd12d2"}
,"C:\\Users\\Mhadi\\Dev\\nodeprojects\\vidly-project\\startup\\validation.js": {"path":"C:\\Users\\Mhadi\\Dev\\nodeprojects\\vidly-project\\startup\\validation.js","statementMap":{"0":{"start":{"line":1,"column":12},"end":{"line":1,"column":26}},"1":{"start":{"line":3,"column":0},"end":{"line":5,"column":1}},"2":{"start":{"line":4,"column":4},"end":{"line":4,"column":48}}},"fnMap":{"0":{"name":"(anonymous_0)","decl":{"start":{"line":3,"column":17},"end":{"line":3,"column":18}},"loc":{"start":{"line":3,"column":29},"end":{"line":5,"column":1}},"line":3}},"branchMap":{},"s":{"0":1,"1":1,"2":1},"f":{"0":1},"b":{},"_coverageSchema":"1a1c01bbd47fc00a2c39e90264f33305004495a9","hash":"eb23532a5423a5e25bb00515b30e7b20e0a93ff0"}
}
